<?xml version="1.0" encoding="UTF-8"?>
<!-- Generated by org.testng.reporters.JUnitReportReporter -->
<testsuite hostname="LAPTOP-DK38VD03" failures="0" tests="2" name="steps.SearchAndTodaysDealsteps" time="8.004" errors="0" timestamp="2023-12-09T20:43:10 IST" skipped="0">
  <testcase classname="steps.SearchAndTodaysDealsteps" name="search" time="5.751"/>
  <system-out/>
  <testcase classname="steps.SearchAndTodaysDealsteps" name="dealstoday" time="2.253"/>
  <system-out/>
</testsuite> <!-- steps.SearchAndTodaysDealsteps -->
